{
  "RSpec": {
    "coverage": {
      "/Users/piercealworth/Turing/3module/projects/rails_engine/spec/models/item_spec.rb": {
        "lines": [
          1,
          null,
          0,
          0,
          null
        ]
      },
      "/Users/piercealworth/Turing/3module/projects/rails_engine/spec/rails_helper.rb": {
        "lines": [
          null,
          1,
          1,
          null,
          1,
          null,
          null,
          1,
          1,
          null,
          null,
          null,
          null,
          null,
          null,
          null,
          null,
          null,
          null,
          null,
          null,
          null,
          null,
          null,
          null,
          null,
          null,
          null,
          1,
          1,
          null,
          0,
          0,
          null,
          1,
          null,
          1,
          null,
          null,
          null,
          null,
          1,
          1,
          null,
          null,
          null,
          null,
          null,
          null,
          null,
          null,
          null,
          null,
          null,
          null,
          null,
          null,
          1,
          1,
          1,
          null,
          0,
          0,
          0,
          0,
          null,
          0,
          null,
          null,
          0,
          null,
          null,
          null,
          null
        ]
      },
      "/Users/piercealworth/Turing/3module/projects/rails_engine/spec/models/merchant_spec.rb": {
        "lines": [
          1,
          null,
          0,
          0,
          null
        ]
      },
      "/Users/piercealworth/Turing/3module/projects/rails_engine/spec/requests/api/v1/items/item_create_spec.rb": {
        "lines": [
          null,
          null,
          null,
          null,
          null,
          null,
          null,
          null,
          null,
          null,
          null,
          null,
          null,
          null
        ]
      }
    },
    "timestamp": 1584735720
  }
}
